#
# A fatal error has been detected by the Java Runtime Environment:
#
#  EXCEPTION_ACCESS_VIOLATION (0xc0000005) at pc=0x1657426c, pid=9644, tid=0x000026a4
#
# JRE version: Java(TM) SE Runtime Environment (8.0_181-b13) (build 1.8.0_181-b13)
# Java VM: Java HotSpot(TM) Client VM (25.181-b13 mixed mode windows-x86 )
# Problematic frame:
# C  [LOQTTS7.dll+0x6426c]
#
# Failed to write core dump. Minidumps are not enabled by default on client versions of Windows
#
# If you would like to submit a bug report, please visit:
#   http://bugreport.java.com/bugreport/crash.jsp
# The crash happened outside the Java Virtual Machine in native code.
# See problematic frame for where to report the bug.
#

---------------  T H R E A D  ---------------

Current thread (0x145a5400):  JavaThread "AWT-EventQueue-0" [_thread_in_native, id=9892, stack(0x14190000,0x141e0000)]

siginfo: ExceptionCode=0xc0000005, reading address 0x16b75258

Registers:
EAX=0x16b75120, EBX=0x00000000, ECX=0x16839768, EDX=0x00000069
ESP=0x141de538, EBP=0x141de5d4, ESI=0x16839768, EDI=0x167f2b50
EIP=0x1657426c, EFLAGS=0x00010202

Top of Stack: (sp=0x141de538)
0x141de538:   167f2b50 167f2b50 00000000 16521e83
0x141de548:   16839768 00000000 1679cda0 00000000
0x141de558:   167f2b50 167f2b50 16522da7 167f2b50
0x141de568:   00000000 167e4ff0 145a5400 16762970
0x141de578:   1523e6c0 165147d8 167f2b50 167f2b50
0x141de588:   167f2b50 00000000 1523e6b8 1610262b
0x141de598:   167f2b50 01d6c601 145a5540 141de5e8
0x141de5a8:   16762970 1523edc0 1523eaa8 141de5b4 

Instructions: (pc=0x1657426c)
0x1657424c:   c3 cc cc cc 53 56 8b 74 24 0c 33 db 3b f3 75 08
0x1657425c:   5e b8 03 00 00 00 5b c3 8b 46 10 3b c3 57 74 36
0x1657426c:   39 98 38 01 00 00 74 2e 33 ff 8b 0e 8b 51 04 8b
0x1657427c:   4c 3a 14 8b 46 10 8b 90 38 01 00 00 51 ff d2 8b 


Register to memory mapping:

EAX=0x16b75120 is an unknown value
EBX=0x00000000 is an unknown value
ECX=0x16839768 is an unknown value
EDX=0x00000069 is an unknown value
ESP=0x141de538 is pointing into the stack for thread: 0x145a5400
EBP=0x141de5d4 is pointing into the stack for thread: 0x145a5400
ESI=0x16839768 is an unknown value
EDI=0x167f2b50 is an unknown value


Stack: [0x14190000,0x141e0000],  sp=0x141de538,  free space=313k
Native frames: (J=compiled Java code, j=interpreted, Vv=VM code, C=native code)
C  [LOQTTS7.dll+0x6426c]
j  loquendo.tts.engine.TTSSession.delete()V+8
j  cartas.Lector.run()V+78
j  cartas.Lector.lee(Ljava/lang/String;)V+6
j  cartas.Cartas.jButton1ActionPerformed(Ljava/awt/event/ActionEvent;)V+2547
j  cartas.Cartas.access$000(Lcartas/Cartas;Ljava/awt/event/ActionEvent;)V+2
j  cartas.Cartas$1.actionPerformed(Ljava/awt/event/ActionEvent;)V+5
j  javax.swing.AbstractButton.fireActionPerformed(Ljava/awt/event/ActionEvent;)V+83
j  javax.swing.AbstractButton$Handler.actionPerformed(Ljava/awt/event/ActionEvent;)V+5
j  javax.swing.DefaultButtonModel.fireActionPerformed(Ljava/awt/event/ActionEvent;)V+34
j  javax.swing.DefaultButtonModel.setPressed(Z)V+117
j  javax.swing.plaf.basic.BasicButtonListener.mouseReleased(Ljava/awt/event/MouseEvent;)V+35
j  java.awt.Component.processMouseEvent(Ljava/awt/event/MouseEvent;)V+64
j  javax.swing.JComponent.processMouseEvent(Ljava/awt/event/MouseEvent;)V+23
j  java.awt.Component.processEvent(Ljava/awt/AWTEvent;)V+81
j  java.awt.Container.processEvent(Ljava/awt/AWTEvent;)V+18
j  java.awt.Component.dispatchEventImpl(Ljava/awt/AWTEvent;)V+589
j  java.awt.Container.dispatchEventImpl(Ljava/awt/AWTEvent;)V+42
j  java.awt.Component.dispatchEvent(Ljava/awt/AWTEvent;)V+2
j  java.awt.LightweightDispatcher.retargetMouseEvent(Ljava/awt/Component;ILjava/awt/event/MouseEvent;)V+349
j  java.awt.LightweightDispatcher.processMouseEvent(Ljava/awt/event/MouseEvent;)Z+155
j  java.awt.LightweightDispatcher.dispatchEvent(Ljava/awt/AWTEvent;)Z+50
j  java.awt.Container.dispatchEventImpl(Ljava/awt/AWTEvent;)V+12
j  java.awt.Window.dispatchEventImpl(Ljava/awt/AWTEvent;)V+19
j  java.awt.Component.dispatchEvent(Ljava/awt/AWTEvent;)V+2
j  java.awt.EventQueue.dispatchEventImpl(Ljava/awt/AWTEvent;Ljava/lang/Object;)V+41
j  java.awt.EventQueue.access$500(Ljava/awt/EventQueue;Ljava/awt/AWTEvent;Ljava/lang/Object;)V+3
j  java.awt.EventQueue$3.run()Ljava/lang/Void;+32
j  java.awt.EventQueue$3.run()Ljava/lang/Object;+1
v  ~StubRoutines::call_stub
V  [jvm.dll+0x15c065]
V  [jvm.dll+0x223ade]
V  [jvm.dll+0x15c0fe]
V  [jvm.dll+0x10c1cf]
C  [java.dll+0x102f]
j  java.security.ProtectionDomain$JavaSecurityAccessImpl.doIntersectionPrivilege(Ljava/security/PrivilegedAction;Ljava/security/AccessControlContext;Ljava/security/AccessControlContext;)Ljava/lang/Object;+18
j  java.security.ProtectionDomain$JavaSecurityAccessImpl.doIntersectionPrivilege(Ljava/security/PrivilegedAction;Ljava/security/AccessControlContext;)Ljava/lang/Object;+6
j  java.awt.EventQueue$4.run()Ljava/lang/Void;+11
j  java.awt.EventQueue$4.run()Ljava/lang/Object;+1
v  ~StubRoutines::call_stub
V  [jvm.dll+0x15c065]
V  [jvm.dll+0x223ade]
V  [jvm.dll+0x15c0fe]
V  [jvm.dll+0x10c1cf]
C  [java.dll+0x102f]
j  java.security.ProtectionDomain$JavaSecurityAccessImpl.doIntersectionPrivilege(Ljava/security/PrivilegedAction;Ljava/security/AccessControlContext;Ljava/security/AccessControlContext;)Ljava/lang/Object;+18
j  java.awt.EventQueue.dispatchEvent(Ljava/awt/AWTEvent;)V+73
j  java.awt.EventDispatchThread.pumpOneEventForFilters(I)V+140
j  java.awt.EventDispatchThread.pumpEventsForFilter(ILjava/awt/Conditional;Ljava/awt/EventFilter;)V+35
j  java.awt.EventDispatchThread.pumpEventsForHierarchy(ILjava/awt/Conditional;Ljava/awt/Component;)V+11
j  java.awt.EventDispatchThread.pumpEvents(ILjava/awt/Conditional;)V+4
j  java.awt.EventDispatchThread.pumpEvents(Ljava/awt/Conditional;)V+3
j  java.awt.EventDispatchThread.run()V+9
v  ~StubRoutines::call_stub
V  [jvm.dll+0x15c065]
V  [jvm.dll+0x223ade]
V  [jvm.dll+0x15c0fe]
V  [jvm.dll+0x15c286]
V  [jvm.dll+0x15c2f7]
V  [jvm.dll+0x10016f]
V  [jvm.dll+0x17f280]
V  [jvm.dll+0x17fafa]
V  [jvm.dll+0x1c5416]
C  [msvcr100.dll+0x5c556]
C  [msvcr100.dll+0x5c600]
C  [kernel32.dll+0x4efac]
C  [ntdll.dll+0x63628]
C  [ntdll.dll+0x635fb]
C  0x00000000

Java frames: (J=compiled Java code, j=interpreted, Vv=VM code)
j  loquendo.tts.engine.TTSSession._delete(I)V+0
j  loquendo.tts.engine.TTSSession.delete()V+8
j  cartas.Lector.run()V+78
j  cartas.Lector.lee(Ljava/lang/String;)V+6
j  cartas.Cartas.jButton1ActionPerformed(Ljava/awt/event/ActionEvent;)V+2547
j  cartas.Cartas.access$000(Lcartas/Cartas;Ljava/awt/event/ActionEvent;)V+2
j  cartas.Cartas$1.actionPerformed(Ljava/awt/event/ActionEvent;)V+5
j  javax.swing.AbstractButton.fireActionPerformed(Ljava/awt/event/ActionEvent;)V+83
j  javax.swing.AbstractButton$Handler.actionPerformed(Ljava/awt/event/ActionEvent;)V+5
j  javax.swing.DefaultButtonModel.fireActionPerformed(Ljava/awt/event/ActionEvent;)V+34
j  javax.swing.DefaultButtonModel.setPressed(Z)V+117
j  javax.swing.plaf.basic.BasicButtonListener.mouseReleased(Ljava/awt/event/MouseEvent;)V+35
j  java.awt.Component.processMouseEvent(Ljava/awt/event/MouseEvent;)V+64
j  javax.swing.JComponent.processMouseEvent(Ljava/awt/event/MouseEvent;)V+23
j  java.awt.Component.processEvent(Ljava/awt/AWTEvent;)V+81
j  java.awt.Container.processEvent(Ljava/awt/AWTEvent;)V+18
j  java.awt.Component.dispatchEventImpl(Ljava/awt/AWTEvent;)V+589
j  java.awt.Container.dispatchEventImpl(Ljava/awt/AWTEvent;)V+42
j  java.awt.Component.dispatchEvent(Ljava/awt/AWTEvent;)V+2
j  java.awt.LightweightDispatcher.retargetMouseEvent(Ljava/awt/Component;ILjava/awt/event/MouseEvent;)V+349
j  java.awt.LightweightDispatcher.processMouseEvent(Ljava/awt/event/MouseEvent;)Z+155
j  java.awt.LightweightDispatcher.dispatchEvent(Ljava/awt/AWTEvent;)Z+50
j  java.awt.Container.dispatchEventImpl(Ljava/awt/AWTEvent;)V+12
j  java.awt.Window.dispatchEventImpl(Ljava/awt/AWTEvent;)V+19
j  java.awt.Component.dispatchEvent(Ljava/awt/AWTEvent;)V+2
j  java.awt.EventQueue.dispatchEventImpl(Ljava/awt/AWTEvent;Ljava/lang/Object;)V+41
j  java.awt.EventQueue.access$500(Ljava/awt/EventQueue;Ljava/awt/AWTEvent;Ljava/lang/Object;)V+3
j  java.awt.EventQueue$3.run()Ljava/lang/Void;+32
j  java.awt.EventQueue$3.run()Ljava/lang/Object;+1
v  ~StubRoutines::call_stub
J 203  java.security.AccessController.doPrivileged(Ljava/security/PrivilegedAction;Ljava/security/AccessControlContext;)Ljava/lang/Object; (0 bytes) @ 0x01e528c7 [0x01e52860+0x67]
j  java.security.ProtectionDomain$JavaSecurityAccessImpl.doIntersectionPrivilege(Ljava/security/PrivilegedAction;Ljava/security/AccessControlContext;Ljava/security/AccessControlContext;)Ljava/lang/Object;+18
j  java.security.ProtectionDomain$JavaSecurityAccessImpl.doIntersectionPrivilege(Ljava/security/PrivilegedAction;Ljava/security/AccessControlContext;)Ljava/lang/Object;+6
j  java.awt.EventQueue$4.run()Ljava/lang/Void;+11
j  java.awt.EventQueue$4.run()Ljava/lang/Object;+1
v  ~StubRoutines::call_stub
J 203  java.security.AccessController.doPrivileged(Ljava/security/PrivilegedAction;Ljava/security/AccessControlContext;)Ljava/lang/Object; (0 bytes) @ 0x01e528c7 [0x01e52860+0x67]
j  java.security.ProtectionDomain$JavaSecurityAccessImpl.doIntersectionPrivilege(Ljava/security/PrivilegedAction;Ljava/security/AccessControlContext;Ljava/security/AccessControlContext;)Ljava/lang/Object;+18
j  java.awt.EventQueue.dispatchEvent(Ljava/awt/AWTEvent;)V+73
j  java.awt.EventDispatchThread.pumpOneEventForFilters(I)V+140
j  java.awt.EventDispatchThread.pumpEventsForFilter(ILjava/awt/Conditional;Ljava/awt/EventFilter;)V+35
j  java.awt.EventDispatchThread.pumpEventsForHierarchy(ILjava/awt/Conditional;Ljava/awt/Component;)V+11
j  java.awt.EventDispatchThread.pumpEvents(ILjava/awt/Conditional;)V+4
j  java.awt.EventDispatchThread.pumpEvents(Ljava/awt/Conditional;)V+3
j  java.awt.EventDispatchThread.run()V+9
v  ~StubRoutines::call_stub

---------------  P R O C E S S  ---------------

Java Threads: ( => current thread )
  0x146ebc00 JavaThread "Thread-2" [_thread_blocked, id=4416, stack(0x164c0000,0x16510000)]
  0x147b1400 JavaThread "TimerQueue" daemon [_thread_blocked, id=9532, stack(0x16160000,0x161b0000)]
  0x145b7000 JavaThread "Image Animator 3" daemon [_thread_blocked, id=1808, stack(0x14380000,0x143d0000)]
  0x006ac800 JavaThread "DestroyJavaVM" [_thread_blocked, id=1096, stack(0x001e0000,0x00230000)]
=>0x145a5400 JavaThread "AWT-EventQueue-0" [_thread_in_native, id=9892, stack(0x14190000,0x141e0000)]
  0x14535000 JavaThread "AWT-Windows" daemon [_thread_in_native, id=5144, stack(0x14a60000,0x14ab0000)]
  0x14534800 JavaThread "AWT-Shutdown" [_thread_blocked, id=1396, stack(0x14140000,0x14190000)]
  0x14532400 JavaThread "Java2D Disposer" daemon [_thread_blocked, id=5664, stack(0x149f0000,0x14a40000)]
  0x13e64000 JavaThread "Service Thread" daemon [_thread_blocked, id=9952, stack(0x144b0000,0x14500000)]
  0x13e6a800 JavaThread "C1 CompilerThread0" daemon [_thread_blocked, id=8584, stack(0x143e0000,0x14430000)]
  0x13e69800 JavaThread "Attach Listener" daemon [_thread_blocked, id=8232, stack(0x14330000,0x14380000)]
  0x13e66c00 JavaThread "Signal Dispatcher" daemon [_thread_blocked, id=10016, stack(0x03d90000,0x03de0000)]
  0x13e45400 JavaThread "Finalizer" daemon [_thread_blocked, id=9948, stack(0x141f0000,0x14240000)]
  0x13e20400 JavaThread "Reference Handler" daemon [_thread_blocked, id=9404, stack(0x00600000,0x00650000)]

Other Threads:
  0x13e1a000 VMThread [stack: 0x140e0000,0x14130000] [id=6340]
  0x13e64c00 WatcherThread [stack: 0x142b0000,0x14300000] [id=9096]

VM state:not at safepoint (normal execution)

VM Mutex/Monitor currently owned by a thread: None

Heap:
 def new generation   total 8192K, used 3340K [0x03e00000, 0x046e0000, 0x09350000)
  eden space 7296K,  41% used [0x03e00000, 0x040fdbc8, 0x04520000)
  from space 896K,  30% used [0x04520000, 0x045655d8, 0x04600000)
  to   space 896K,   0% used [0x04600000, 0x04600000, 0x046e0000)
 tenured generation   total 18088K, used 15643K [0x09350000, 0x0a4fa000, 0x13e00000)
   the space 18088K,  86% used [0x09350000, 0x0a296c20, 0x0a296e00, 0x0a4fa000)
 Metaspace       used 8504K, capacity 8699K, committed 8832K, reserved 9600K

Card table byte_map: [0x00bd0000,0x00c60000] byte_map_base: 0x00bb1000

Polling page: 0x00150000

CodeCache: size=32768Kb used=1434Kb max_used=1434Kb free=31333Kb
 bounds [0x01d60000, 0x01ec8000, 0x03d60000]
 total_blobs=798 nmethods=567 adapters=163
 compilation: enabled

Compilation events (10 events):
Event: 7.688 Thread 0x13e6a800  565             javax.swing.plaf.synth.Region::isSubregion (5 bytes)
Event: 7.688 Thread 0x13e6a800 nmethod 565 0x01ec5cc8 code [0x01ec5dc0, 0x01ec5e40]
Event: 7.689 Thread 0x13e6a800  566             sun.awt.SunHints$Key::getIndex (5 bytes)
Event: 7.689 Thread 0x13e6a800 nmethod 566 0x01ec5e88 code [0x01ec5f80, 0x01ec6000]
Event: 7.689 Thread 0x13e6a800  567             java.awt.RenderingHints$Key::intKey (5 bytes)
Event: 7.689 Thread 0x13e6a800 nmethod 567 0x01ec6048 code [0x01ec6140, 0x01ec61c0]
Event: 7.689 Thread 0x13e6a800  568             sun.java2d.SunGraphics2D::dispose (12 bytes)
Event: 7.689 Thread 0x13e6a800 nmethod 568 0x01ec6208 code [0x01ec6310, 0x01ec63ac]
Event: 10.135 Thread 0x13e6a800  569             sun.awt.AWTAccessor::getEventQueueAccessor (18 bytes)
Event: 10.135 Thread 0x13e6a800 nmethod 569 0x01ec6408 code [0x01ec6510, 0x01ec65bc]

GC Heap History (10 events):
Event: 8.761 GC heap before
{Heap before GC invocations=37 (full 1):
 def new generation   total 8192K, used 7534K [0x03e00000, 0x046e0000, 0x09350000)
  eden space 7296K, 100% used [0x03e00000, 0x04520000, 0x04520000)
  from space 896K,  26% used [0x04520000, 0x0455ba78, 0x04600000)
  to   space 896K,   0% used [0x04600000, 0x04600000, 0x046e0000)
 tenured generation   total 18088K, used 15643K [0x09350000, 0x0a4fa000, 0x13e00000)
   the space 18088K,  86% used [0x09350000, 0x0a296c20, 0x0a296e00, 0x0a4fa000)
 Metaspace       used 8504K, capacity 8699K, committed 8832K, reserved 9600K
Event: 8.762 GC heap after
Heap after GC invocations=38 (full 1):
 def new generation   total 8192K, used 238K [0x03e00000, 0x046e0000, 0x09350000)
  eden space 7296K,   0% used [0x03e00000, 0x03e00000, 0x04520000)
  from space 896K,  26% used [0x04600000, 0x0463ba78, 0x046e0000)
  to   space 896K,   0% used [0x04520000, 0x04520000, 0x04600000)
 tenured generation   total 18088K, used 15643K [0x09350000, 0x0a4fa000, 0x13e00000)
   the space 18088K,  86% used [0x09350000, 0x0a296c20, 0x0a296e00, 0x0a4fa000)
 Metaspace       used 8504K, capacity 8699K, committed 8832K, reserved 9600K
}
Event: 9.043 GC heap before
{Heap before GC invocations=38 (full 1):
 def new generation   total 8192K, used 7534K [0x03e00000, 0x046e0000, 0x09350000)
  eden space 7296K, 100% used [0x03e00000, 0x04520000, 0x04520000)
  from space 896K,  26% used [0x04600000, 0x0463ba78, 0x046e0000)
  to   space 896K,   0% used [0x04520000, 0x04520000, 0x04600000)
 tenured generation   total 18088K, used 15643K [0x09350000, 0x0a4fa000, 0x13e00000)
   the space 18088K,  86% used [0x09350000, 0x0a296c20, 0x0a296e00, 0x0a4fa000)
 Metaspace       used 8504K, capacity 8699K, committed 8832K, reserved 9600K
Event: 9.044 GC heap after
Heap after GC invocations=39 (full 1):
 def new generation   total 8192K, used 238K [0x03e00000, 0x046e0000, 0x09350000)
  eden space 7296K,   0% used [0x03e00000, 0x03e00000, 0x04520000)
  from space 896K,  26% used [0x04520000, 0x0455ba78, 0x04600000)
  to   space 896K,   0% used [0x04600000, 0x04600000, 0x046e0000)
 tenured generation   total 18088K, used 15643K [0x09350000, 0x0a4fa000, 0x13e00000)
   the space 18088K,  86% used [0x09350000, 0x0a296c20, 0x0a296e00, 0x0a4fa000)
 Metaspace       used 8504K, capacity 8699K, committed 8832K, reserved 9600K
}
Event: 9.390 GC heap before
{Heap before GC invocations=39 (full 1):
 def new generation   total 8192K, used 7534K [0x03e00000, 0x046e0000, 0x09350000)
  eden space 7296K, 100% used [0x03e00000, 0x04520000, 0x04520000)
  from space 896K,  26% used [0x04520000, 0x0455ba78, 0x04600000)
  to   space 896K,   0% used [0x04600000, 0x04600000, 0x046e0000)
 tenured generation   total 18088K, used 15643K [0x09350000, 0x0a4fa000, 0x13e00000)
   the space 18088K,  86% used [0x09350000, 0x0a296c20, 0x0a296e00, 0x0a4fa000)
 Metaspace       used 8504K, capacity 8699K, committed 8832K, reserved 9600K
Event: 9.391 GC heap after
Heap after GC invocations=40 (full 1):
 def new generation   total 8192K, used 238K [0x03e00000, 0x046e0000, 0x09350000)
  eden space 7296K,   0% used [0x03e00000, 0x03e00000, 0x04520000)
  from space 896K,  26% used [0x04600000, 0x0463ba78, 0x046e0000)
  to   space 896K,   0% used [0x04520000, 0x04520000, 0x04600000)
 tenured generation   total 18088K, used 15643K [0x09350000, 0x0a4fa000, 0x13e00000)
   the space 18088K,  86% used [0x09350000, 0x0a296c20, 0x0a296e00, 0x0a4fa000)
 Metaspace       used 8504K, capacity 8699K, committed 8832K, reserved 9600K
}
Event: 9.664 GC heap before
{Heap before GC invocations=40 (full 1):
 def new generation   total 8192K, used 7534K [0x03e00000, 0x046e0000, 0x09350000)
  eden space 7296K, 100% used [0x03e00000, 0x04520000, 0x04520000)
  from space 896K,  26% used [0x04600000, 0x0463ba78, 0x046e0000)
  to   space 896K,   0% used [0x04520000, 0x04520000, 0x04600000)
 tenured generation   total 18088K, used 15643K [0x09350000, 0x0a4fa000, 0x13e00000)
   the space 18088K,  86% used [0x09350000, 0x0a296c20, 0x0a296e00, 0x0a4fa000)
 Metaspace       used 8504K, capacity 8699K, committed 8832K, reserved 9600K
Event: 9.665 GC heap after
Heap after GC invocations=41 (full 1):
 def new generation   total 8192K, used 251K [0x03e00000, 0x046e0000, 0x09350000)
  eden space 7296K,   0% used [0x03e00000, 0x03e00000, 0x04520000)
  from space 896K,  28% used [0x04520000, 0x0455eef8, 0x04600000)
  to   space 896K,   0% used [0x04600000, 0x04600000, 0x046e0000)
 tenured generation   total 18088K, used 15643K [0x09350000, 0x0a4fa000, 0x13e00000)
   the space 18088K,  86% used [0x09350000, 0x0a296c20, 0x0a296e00, 0x0a4fa000)
 Metaspace       used 8504K, capacity 8699K, committed 8832K, reserved 9600K
}
Event: 9.938 GC heap before
{Heap before GC invocations=41 (full 1):
 def new generation   total 8192K, used 7547K [0x03e00000, 0x046e0000, 0x09350000)
  eden space 7296K, 100% used [0x03e00000, 0x04520000, 0x04520000)
  from space 896K,  28% used [0x04520000, 0x0455eef8, 0x04600000)
  to   space 896K,   0% used [0x04600000, 0x04600000, 0x046e0000)
 tenured generation   total 18088K, used 15643K [0x09350000, 0x0a4fa000, 0x13e00000)
   the space 18088K,  86% used [0x09350000, 0x0a296c20, 0x0a296e00, 0x0a4fa000)
 Metaspace       used 8504K, capacity 8699K, committed 8832K, reserved 9600K
Event: 9.939 GC heap after
Heap after GC invocations=42 (full 1):
 def new generation   total 8192K, used 266K [0x03e00000, 0x046e0000, 0x09350000)
  eden space 7296K,   0% used [0x03e00000, 0x03e00000, 0x04520000)
  from space 896K,  29% used [0x04600000, 0x04642ab0, 0x046e0000)
  to   space 896K,   0% used [0x04520000, 0x04520000, 0x04600000)
 tenured generation   total 18088K, used 15643K [0x09350000, 0x0a4fa000, 0x13e00000)
   the space 18088K,  86% used [0x09350000, 0x0a296c20, 0x0a296e00, 0x0a4fa000)
 Metaspace       used 8504K, capacity 8699K, committed 8832K, reserved 9600K
}

Deoptimization events (0 events):
No events

Classes redefined (0 events):
No events

Internal exceptions (10 events):
Event: 0.378 Thread 0x006ac800 Exception <a 'java/lang/ClassNotFoundException': ToggleButton> (0x041056e0) thrown at [C:\workspace\8-2-build-windows-i586-cygwin\jdk8u181\11358\hotspot\src\share\vm\classfile\systemDictionary.cpp, line 210]
Event: 0.378 Thread 0x006ac800 Exception <a 'java/lang/ClassNotFoundException': javax/swing/JToolBarSeparator> (0x04105ae8) thrown at [C:\workspace\8-2-build-windows-i586-cygwin\jdk8u181\11358\hotspot\src\share\vm\classfile\systemDictionary.cpp, line 210]
Event: 0.378 Thread 0x006ac800 Exception <a 'java/lang/ClassNotFoundException': ToolBarSeparator> (0x04105f40) thrown at [C:\workspace\8-2-build-windows-i586-cygwin\jdk8u181\11358\hotspot\src\share\vm\classfile\systemDictionary.cpp, line 210]
Event: 0.379 Thread 0x006ac800 Exception <a 'java/lang/ClassNotFoundException': ToolTip> (0x041065e8) thrown at [C:\workspace\8-2-build-windows-i586-cygwin\jdk8u181\11358\hotspot\src\share\vm\classfile\systemDictionary.cpp, line 210]
Event: 0.380 Thread 0x006ac800 Exception <a 'java/lang/ClassNotFoundException': Tree> (0x041070d0) thrown at [C:\workspace\8-2-build-windows-i586-cygwin\jdk8u181\11358\hotspot\src\share\vm\classfile\systemDictionary.cpp, line 210]
Event: 0.381 Thread 0x006ac800 Exception <a 'java/lang/ClassNotFoundException': Tree> (0x04107790) thrown at [C:\workspace\8-2-build-windows-i586-cygwin\jdk8u181\11358\hotspot\src\share\vm\classfile\systemDictionary.cpp, line 210]
Event: 0.381 Thread 0x006ac800 Exception <a 'java/lang/ClassNotFoundException': javax/swing/JTreeCell> (0x04107ac8) thrown at [C:\workspace\8-2-build-windows-i586-cygwin\jdk8u181\11358\hotspot\src\share\vm\classfile\systemDictionary.cpp, line 210]
Event: 0.381 Thread 0x006ac800 Exception <a 'java/lang/ClassNotFoundException': TreeCell> (0x04107f10) thrown at [C:\workspace\8-2-build-windows-i586-cygwin\jdk8u181\11358\hotspot\src\share\vm\classfile\systemDictionary.cpp, line 210]
Event: 0.381 Thread 0x006ac800 Exception <a 'java/lang/ClassNotFoundException': RootPane> (0x04108888) thrown at [C:\workspace\8-2-build-windows-i586-cygwin\jdk8u181\11358\hotspot\src\share\vm\classfile\systemDictionary.cpp, line 210]
Event: 0.528 Thread 0x145b7000 Exception <a 'java/lang/InterruptedException': sleep interrupted> (0x03fa4ef8) thrown at [C:\workspace\8-2-build-windows-i586-cygwin\jdk8u181\11358\hotspot\src\share\vm\prims\jvm.cpp, line 3225]

Events (10 events):
Event: 8.763 Executing VM operation: GenCollectForAllocation done
Event: 9.032 Thread 0x146c6800 Thread exited: 0x146c6800
Event: 9.043 Executing VM operation: GenCollectForAllocation
Event: 9.044 Executing VM operation: GenCollectForAllocation done
Event: 9.390 Executing VM operation: GenCollectForAllocation
Event: 9.391 Executing VM operation: GenCollectForAllocation done
Event: 9.664 Executing VM operation: GenCollectForAllocation
Event: 9.665 Executing VM operation: GenCollectForAllocation done
Event: 9.938 Executing VM operation: GenCollectForAllocation
Event: 9.939 Executing VM operation: GenCollectForAllocation done


Dynamic libraries:
0x01120000 - 0x01153000 	C:\Program Files\Java\jdk1.8.0_181\bin\java.exe
0x76e30000 - 0x76f72000 	C:\Windows\SYSTEM32\ntdll.dll
0x72fc0000 - 0x72fef000 	C:\Program Files\AVAST Software\Avast\aswhookx.dll
0x74f90000 - 0x75065000 	C:\Windows\system32\kernel32.dll
0x74d70000 - 0x74dbb000 	C:\Windows\system32\KERNELBASE.dll
0x76a70000 - 0x76b11000 	C:\Windows\system32\ADVAPI32.dll
0x765a0000 - 0x7664c000 	C:\Windows\system32\msvcrt.dll
0x76fa0000 - 0x76fb9000 	C:\Windows\SYSTEM32\sechost.dll
0x76920000 - 0x769c2000 	C:\Windows\system32\RPCRT4.dll
0x761e0000 - 0x762a9000 	C:\Windows\system32\USER32.dll
0x77030000 - 0x7707e000 	C:\Windows\system32\GDI32.dll
0x77020000 - 0x7702a000 	C:\Windows\system32\LPK.dll
0x769d0000 - 0x76a6d000 	C:\Windows\system32\USP10.dll
0x738e0000 - 0x73a7e000 	C:\Windows\WinSxS\x86_microsoft.windows.common-controls_6595b64144ccf1df_6.0.7601.18837_none_41e855142bd5705d\COMCTL32.dll
0x74f30000 - 0x74f87000 	C:\Windows\system32\SHLWAPI.dll
0x760b0000 - 0x760cf000 	C:\Windows\system32\IMM32.DLL
0x76d60000 - 0x76e2d000 	C:\Windows\system32\MSCTF.dll
0x650f0000 - 0x651af000 	C:\Program Files\Java\jdk1.8.0_181\jre\bin\msvcr100.dll
0x52f50000 - 0x53323000 	C:\Program Files\Java\jdk1.8.0_181\jre\bin\client\jvm.dll
0x70510000 - 0x70517000 	C:\Windows\system32\WSOCK32.dll
0x768e0000 - 0x76915000 	C:\Windows\system32\WS2_32.dll
0x76f90000 - 0x76f96000 	C:\Windows\system32\NSI.dll
0x72ab0000 - 0x72ae2000 	C:\Windows\system32\WINMM.dll
0x74090000 - 0x74099000 	C:\Windows\system32\VERSION.dll
0x77010000 - 0x77015000 	C:\Windows\system32\PSAPI.DLL
0x718e0000 - 0x718ec000 	C:\Program Files\Java\jdk1.8.0_181\jre\bin\verify.dll
0x718b0000 - 0x718d2000 	C:\Program Files\Java\jdk1.8.0_181\jre\bin\java.dll
0x71890000 - 0x718a4000 	C:\Program Files\Java\jdk1.8.0_181\jre\bin\zip.dll
0x75070000 - 0x75cbc000 	C:\Windows\system32\SHELL32.dll
0x766e0000 - 0x7683d000 	C:\Windows\system32\ole32.dll
0x74c00000 - 0x74c0b000 	C:\Windows\system32\profapi.dll
0x52a10000 - 0x52b57000 	C:\Program Files\Java\jdk1.8.0_181\jre\bin\awt.dll
0x76840000 - 0x768d1000 	C:\Windows\system32\OLEAUT32.dll
0x73760000 - 0x737a0000 	C:\Windows\system32\uxtheme.dll
0x73460000 - 0x73473000 	C:\Windows\system32\dwmapi.dll
0x74b20000 - 0x74b2c000 	C:\Windows\system32\CRYPTBASE.dll
0x6dd80000 - 0x6ddb9000 	C:\Program Files\Java\jdk1.8.0_181\jre\bin\fontmanager.dll
0x52e80000 - 0x52f48000 	C:\Windows\system32\opengl32.dll
0x6dcb0000 - 0x6dcd2000 	C:\Windows\system32\GLU32.dll
0x5e2f0000 - 0x5e3d7000 	C:\Windows\system32\DDRAW.dll
0x71330000 - 0x71336000 	C:\Windows\system32\DCIMAN32.dll
0x76400000 - 0x7659d000 	C:\Windows\system32\SETUPAPI.dll
0x74dc0000 - 0x74de7000 	C:\Windows\system32\CFGMGR32.dll
0x74c20000 - 0x74c32000 	C:\Windows\system32\DEVOBJ.dll
0x71870000 - 0x71885000 	C:\Program Files\Java\jdk1.8.0_181\jre\bin\net.dll
0x745c0000 - 0x745fc000 	C:\Windows\system32\mswsock.dll
0x745b0000 - 0x745b6000 	C:\Windows\System32\wship6.dll
0x71660000 - 0x7166f000 	C:\Program Files\Java\jdk1.8.0_181\jre\bin\nio.dll
0x6dc70000 - 0x6dca2000 	C:\Program Files\Java\jdk1.8.0_181\jre\bin\t2k.dll
0x76650000 - 0x766d3000 	C:\Windows\system32\CLBCatQ.DLL
0x6dbc0000 - 0x6dbe6000 	C:\Program Files\Java\jdk1.8.0_181\jre\bin\jpeg.dll
0x732f0000 - 0x73421000 	C:\Windows\system32\WindowsCodecs.dll
0x74ad0000 - 0x74b1c000 	C:\Windows\system32\apphelp.dll
0x685c0000 - 0x6863e000 	C:\Program Files\Common Files\Adobe\CoreSyncExtension\CoreSync_x86.dll
0x72650000 - 0x72653000 	C:\Windows\system32\api-ms-win-core-synch-l1-2-0.DLL
0x68060000 - 0x681c5000 	C:\Program Files\AVAST Software\Avast\ashShell.dll
0x735c0000 - 0x73752000 	C:\Windows\WinSxS\x86_microsoft.windows.gdiplus_6595b64144ccf1df_1.1.7601.24203_none_5c030043a0118fbf\gdiplus.dll
0x6d1e0000 - 0x6d426000 	C:\Windows\system32\msi.dll
0x68f60000 - 0x68f91000 	C:\Windows\system32\EhStorShell.dll
0x737e0000 - 0x738d5000 	C:\Windows\system32\PROPSYS.dll
0x656f0000 - 0x65af6000 	C:\PROGRA~1\MICROS~3\Office14\GROOVEEX.DLL
0x6d600000 - 0x6d6a3000 	C:\Windows\WinSxS\x86_microsoft.vc90.crt_1fc8b3b9a1e18e3b_9.0.30729.6161_none_50934f2ebcb7eb57\MSVCR90.dll
0x645a0000 - 0x6462e000 	C:\Windows\WinSxS\x86_microsoft.vc90.crt_1fc8b3b9a1e18e3b_9.0.30729.6161_none_50934f2ebcb7eb57\MSVCP90.dll
0x73cb0000 - 0x73cdb000 	C:\Windows\WinSxS\x86_microsoft.vc90.atl_1fc8b3b9a1e18e3b_9.0.30729.6161_none_51cd0a7abbe4e19b\ATL90.DLL
0x721e0000 - 0x725fa000 	C:\PROGRA~1\COMMON~1\MICROS~1\OFFICE14\Cultures\office.odf
0x71960000 - 0x721e0000 	C:\PROGRA~1\MICROS~3\Office14\3082\GrooveIntlResource.dll
0x73c20000 - 0x73c8a000 	C:\Windows\System32\cscui.dll
0x73c10000 - 0x73c19000 	C:\Windows\System32\CSCDLL.dll
0x686d0000 - 0x686db000 	C:\Windows\system32\CSCAPI.dll
0x73260000 - 0x732d0000 	C:\Windows\system32\ntshrui.dll
0x748c0000 - 0x748d9000 	C:\Windows\system32\srvcli.dll
0x72770000 - 0x7277a000 	C:\Windows\system32\slc.dll
0x6dbf0000 - 0x6dc14000 	C:\Program Files\Java\jdk1.8.0_181\jre\bin\dcpr.dll
0x16100000 - 0x1611f000 	C:\Users\abel\Documents\NetBeansProjects\Cartas\LTTS7jni.dll
0x16470000 - 0x164b3000 	C:\Users\abel\Documents\NetBeansProjects\Cartas\LTTS7Util.dll
0x16510000 - 0x165ee000 	C:\Users\abel\Documents\NetBeansProjects\Cartas\LOQTTS7.dll
0x726b0000 - 0x726cc000 	C:\Windows\system32\iphlpapi.dll
0x726a0000 - 0x726a7000 	C:\Windows\system32\WINNSI.DLL
0x731d0000 - 0x731e1000 	C:\Windows\system32\NETAPI32.dll
0x731c0000 - 0x731c9000 	C:\Windows\system32\netutils.dll
0x731b0000 - 0x731bf000 	C:\Windows\system32\wkscli.dll
0x6dc60000 - 0x6dc68000 	C:\Windows\system32\netbios.dll
0x710f0000 - 0x71102000 	C:\Windows\system32\dhcpcsvc.DLL
0x16120000 - 0x16145000 	C:\Users\abel\Documents\NetBeansProjects\Cartas\LTTS7XML.dll
0x165f0000 - 0x165fe000 	C:\Users\abel\Documents\NetBeansProjects\Cartas\LTTS7AudioBoard.dll
0x73d70000 - 0x73da9000 	C:\Windows\system32\MMDevAPI.DLL
0x73ca0000 - 0x73ca8000 	C:\Windows\system32\serwvdrv.dll
0x73c90000 - 0x73c98000 	C:\Windows\system32\umdmxfrm.dll
0x73be0000 - 0x73c10000 	C:\Windows\system32\wdmaud.drv
0x72e50000 - 0x72e54000 	C:\Windows\system32\ksuser.dll
0x73d40000 - 0x73d47000 	C:\Windows\system32\AVRT.dll
0x72f60000 - 0x72f96000 	C:\Windows\system32\AUDIOSES.DLL
0x73bd0000 - 0x73bd8000 	C:\Windows\system32\msacm32.drv
0x73bb0000 - 0x73bc4000 	C:\Windows\system32\MSACM32.dll
0x73ba0000 - 0x73ba7000 	C:\Windows\system32\midimap.dll
0x6afd0000 - 0x6b0bb000 	C:\Windows\system32\dbghelp.dll

VM Arguments:
jvm_args: -Dfile.encoding=UTF-8 
java_command: cartas.Cartas
java_class_path (initial): C:\Program Files\Loquendo\LTTS7\bin\LTTS7EngineManager.jar;C:\Program Files\Loquendo\LTTS7\bin\LTTS7JavaTTSUtil.jar;C:\Program Files\Loquendo\LTTS7\bin\LTTS7JavaUtil.jar;C:\Program Files\Loquendo\LTTS7\bin\Loqjapi.jar;C:\Program Files\Loquendo\LTTS7\bin\TTSDirector.jar;C:\Program Files\Loquendo\LTTS7\bin\TTSDirectorlookandfeel.jar;C:\Program Files\Loquendo\LTTS7\bin\TTSLexiconManager.jar;C:\Program Files\Loquendo\LTTS7\bin\TTSLexiconManagerlookandfeel.jar;C:\Program Files\Loquendo\LTTS7\bin\lookandfeel.jar;C:\Program Files\NetBeans 8.2\java\modules\ext\AbsoluteLayout.jar;C:\Users\abel\Documents\NetBeansProjects\Cartas\build\classes
Launcher Type: SUN_STANDARD

Environment Variables:
PATH=C:\Program Files\Common Files\Oracle\Java\javapath;C:\ProgramData\Oracle\Java\javapath;C:\Program Files\NVIDIA Corporation\PhysX\Common;C:\Windows\system32;C:\Windows;C:\Windows\System32\Wbem;C:\Windows\System32\WindowsPowerShell\v1.0\;C:\Program Files\nodejs\;C:\Users\abel\AppData\Roaming\npm
USERNAME=abel
OS=Windows_NT
PROCESSOR_IDENTIFIER=x86 Family 6 Model 15 Stepping 11, GenuineIntel



---------------  S Y S T E M  ---------------

OS: Windows 7 Build 7601 (6.1.7601.24168)

CPU:total 4 (initial active 4) (4 cores per cpu, 1 threads per core) family 6 model 15 stepping 11, cmov, cx8, fxsr, mmx, sse, sse2, sse3, ssse3, tsc

Memory: 4k page, physical 3397864k(1445896k free), swap 6794052k(4128240k free)

vm_info: Java HotSpot(TM) Client VM (25.181-b13) for windows-x86 JRE (1.8.0_181-b13), built on Jul  7 2018 03:18:20 by "java_re" with MS VC++ 10.0 (VS2010)

time: Tue Sep 04 22:54:28 2018
elapsed time: 10 seconds (0d 0h 0m 10s)

