#
# A fatal error has been detected by the Java Runtime Environment:
#
#  EXCEPTION_ACCESS_VIOLATION (0xc0000005) at pc=0x155c15aa, pid=4588, tid=0x00001adc
#
# JRE version: Java(TM) SE Runtime Environment (8.0_181-b13) (build 1.8.0_181-b13)
# Java VM: Java HotSpot(TM) Client VM (25.181-b13 mixed mode windows-x86 )
# Problematic frame:
# C  [LOQTTS7.dll+0x15aa]
#
# Failed to write core dump. Minidumps are not enabled by default on client versions of Windows
#
# If you would like to submit a bug report, please visit:
#   http://bugreport.java.com/bugreport/crash.jsp
# The crash happened outside the Java Virtual Machine in native code.
# See problematic frame for where to report the bug.
#

---------------  T H R E A D  ---------------

Current thread (0x140a5400):  JavaThread "Finalizer" daemon [_thread_in_native, id=6876, stack(0x142a0000,0x142f0000)]

siginfo: ExceptionCode=0xc0000005, reading address 0x16979a30

Registers:
EAX=0x370b9964, EBX=0x145e3088, ECX=0x00000000, EDX=0x16979a30
ESP=0x142ef05c, EBP=0x142ef2e0, ESI=0x16979a30, EDI=0x14727678
EIP=0x155c15aa, EFLAGS=0x00010206

Top of Stack: (sp=0x142ef05c)
0x142ef05c:   145e3088 140a5540 14727678 222bbba8
0x142ef06c:   142ef088 663757e7 142ef0e0 6657993c
0x142ef07c:   142ef088 662e35e3 13e36578 142ef0bc
0x142ef08c:   007dc038 142ef1e0 664146fd 03c11fa8
0x142ef09c:   140a56b8 140a5400 142ef20c 00000000
0x142ef0ac:   140626f0 142ef0e0 00000130 00280e26
0x142ef0bc:   13c15f10 018b7462 142ef0dc 665aafc4
0x142ef0cc:   00000000 142ef184 00000100 00798258 

Instructions: (pc=0x155c15aa)
0x155c158a:   00 00 56 8b b4 24 10 02 00 00 85 f6 57 8b bc 24
0x155c159a:   18 02 00 00 75 0a 68 40 5e 64 15 e9 28 02 00 00
0x155c15aa:   8b 06 3d e0 5d 5d 15 0f 85 1b 01 00 00 8b 86 ac
0x155c15ba:   0c 00 00 8b 88 24 14 00 00 57 68 18 5e 64 15 51 


Register to memory mapping:

EAX=0x370b9964 is an unknown value
EBX=0x145e3088 is an unknown value
ECX=0x00000000 is an unknown value
EDX=0x16979a30 is an unknown value
ESP=0x142ef05c is pointing into the stack for thread: 0x140a5400
EBP=0x142ef2e0 is pointing into the stack for thread: 0x140a5400
ESI=0x16979a30 is an unknown value
EDI=0x14727678 is an unknown value


Stack: [0x142a0000,0x142f0000],  sp=0x142ef05c,  free space=316k
Native frames: (J=compiled Java code, j=interpreted, Vv=VM code, C=native code)
C  [LOQTTS7.dll+0x15aa]
C  0x040d04f8

Java frames: (J=compiled Java code, j=interpreted, Vv=VM code)
j  loquendo.tts.engine.TTSReader._setParam(ILjava/lang/String;Ljava/lang/String;)V+0
j  loquendo.tts.engine.TTSReader.setParam(Ljava/lang/String;Ljava/lang/String;)V+10
j  loquendo.tts.engine.TTSReader.finalize()V+17
j  java.lang.System$2.invokeFinalize(Ljava/lang/Object;)V+1
j  java.lang.ref.Finalizer.runFinalizer(Lsun/misc/JavaLangAccess;)V+46
j  java.lang.ref.Finalizer.access$100(Ljava/lang/ref/Finalizer;Lsun/misc/JavaLangAccess;)V+2
j  java.lang.ref.Finalizer$FinalizerThread.run()V+45
v  ~StubRoutines::call_stub

---------------  P R O C E S S  ---------------

Java Threads: ( => current thread )
  0x0079c800 JavaThread "DestroyJavaVM" [_thread_blocked, id=6092, stack(0x00580000,0x005d0000)]
  0x145d1c00 JavaThread "AWT-EventQueue-0" [_thread_blocked, id=228, stack(0x15370000,0x153c0000)]
  0x14569800 JavaThread "AWT-Windows" daemon [_thread_in_native, id=6936, stack(0x142f0000,0x14340000)]
  0x14568c00 JavaThread "AWT-Shutdown" [_thread_blocked, id=2876, stack(0x14b80000,0x14bd0000)]
  0x14566000 JavaThread "Java2D Disposer" daemon [_thread_blocked, id=7328, stack(0x14b20000,0x14b70000)]
  0x140c0400 JavaThread "Service Thread" daemon [_thread_blocked, id=4880, stack(0x144e0000,0x14530000)]
  0x140b9400 JavaThread "C1 CompilerThread0" daemon [_thread_blocked, id=6360, stack(0x14490000,0x144e0000)]
  0x140c9c00 JavaThread "Attach Listener" daemon [_thread_blocked, id=6420, stack(0x00e00000,0x00e50000)]
  0x140c6c00 JavaThread "Signal Dispatcher" daemon [_thread_blocked, id=7880, stack(0x14370000,0x143c0000)]
=>0x140a5400 JavaThread "Finalizer" daemon [_thread_in_native, id=6876, stack(0x142a0000,0x142f0000)]
  0x14080400 JavaThread "Reference Handler" daemon [_thread_blocked, id=7180, stack(0x03ba0000,0x03bf0000)]

Other Threads:
  0x1407a000 VMThread [stack: 0x03b40000,0x03b90000] [id=1520]
  0x140c1400 WatcherThread [stack: 0x14420000,0x14470000] [id=1728]

VM state:not at safepoint (normal execution)

VM Mutex/Monitor currently owned by a thread: None

Heap:
 def new generation   total 4928K, used 260K [0x03c00000, 0x04150000, 0x09150000)
  eden space 4416K,   3% used [0x03c00000, 0x03c2a1d0, 0x04050000)
  from space 512K,  17% used [0x040d0000, 0x040e6e40, 0x04150000)
  to   space 512K,   0% used [0x04050000, 0x04050000, 0x040d0000)
 tenured generation   total 10944K, used 8872K [0x09150000, 0x09c00000, 0x13c00000)
   the space 10944K,  81% used [0x09150000, 0x099fa300, 0x099fa400, 0x09c00000)
 Metaspace       used 7571K, capacity 7761K, committed 7808K, reserved 8576K

Card table byte_map: [0x00c70000,0x00d00000] byte_map_base: 0x00c52000

Polling page: 0x00140000

CodeCache: size=32768Kb used=2311Kb max_used=2311Kb free=30456Kb
 bounds [0x01b20000, 0x01d68000, 0x03b20000]
 total_blobs=1325 nmethods=1099 adapters=157
 compilation: enabled

Compilation events (10 events):
Event: 24.066 Thread 0x140b9400 1096   !         sun.awt.GlobalCursorManager::updateCursorImmediately (31 bytes)
Event: 24.066 Thread 0x140b9400 nmethod 1096 0x01d60a48 code [0x01d60b50, 0x01d60d5c]
Event: 24.142 Thread 0x140b9400 1097   !         java.awt.event.InvocationEvent::dispatch (69 bytes)
Event: 24.143 Thread 0x140b9400 nmethod 1097 0x01d60e48 code [0x01d60f70, 0x01d61150]
Event: 24.143 Thread 0x140b9400 1098   !         java.awt.event.InvocationEvent::finishedDispatching (53 bytes)
Event: 24.143 Thread 0x140b9400 nmethod 1098 0x01d61288 code [0x01d613a0, 0x01d615f8]
Event: 24.242 Thread 0x140b9400 1099             java.awt.Component::updateCursorImmediately (55 bytes)
Event: 24.243 Thread 0x140b9400 nmethod 1099 0x01d61748 code [0x01d61890, 0x01d61a70]
Event: 24.439 Thread 0x140b9400 1100             sun.awt.NullComponentPeer::handleEvent (1 bytes)
Event: 24.439 Thread 0x140b9400 nmethod 1100 0x01d61bc8 code [0x01d61cc0, 0x01d61d40]

GC Heap History (10 events):
Event: 3.838 GC heap before
{Heap before GC invocations=2 (full 0):
 def new generation   total 4928K, used 4404K [0x03c00000, 0x04150000, 0x09150000)
  eden space 4416K,  99% used [0x03c00000, 0x04047a58, 0x04050000)
  from space 512K,   4% used [0x04050000, 0x04055768, 0x040d0000)
  to   space 512K,   0% used [0x040d0000, 0x040d0000, 0x04150000)
 tenured generation   total 10944K, used 5866K [0x09150000, 0x09c00000, 0x13c00000)
   the space 10944K,  53% used [0x09150000, 0x0970aa10, 0x0970ac00, 0x09c00000)
 Metaspace       used 7527K, capacity 7729K, committed 7808K, reserved 8576K
Event: 3.842 GC heap after
Heap after GC invocations=3 (full 0):
 def new generation   total 4928K, used 512K [0x03c00000, 0x04150000, 0x09150000)
  eden space 4416K,   0% used [0x03c00000, 0x03c00000, 0x04050000)
  from space 512K, 100% used [0x040d0000, 0x04150000, 0x04150000)
  to   space 512K,   0% used [0x04050000, 0x04050000, 0x040d0000)
 tenured generation   total 10944K, used 6874K [0x09150000, 0x09c00000, 0x13c00000)
   the space 10944K,  62% used [0x09150000, 0x09806848, 0x09806a00, 0x09c00000)
 Metaspace       used 7527K, capacity 7729K, committed 7808K, reserved 8576K
}
Event: 7.068 GC heap before
{Heap before GC invocations=3 (full 0):
 def new generation   total 4928K, used 4928K [0x03c00000, 0x04150000, 0x09150000)
  eden space 4416K, 100% used [0x03c00000, 0x04050000, 0x04050000)
  from space 512K, 100% used [0x040d0000, 0x04150000, 0x04150000)
  to   space 512K,   0% used [0x04050000, 0x04050000, 0x040d0000)
 tenured generation   total 10944K, used 6874K [0x09150000, 0x09c00000, 0x13c00000)
   the space 10944K,  62% used [0x09150000, 0x09806848, 0x09806a00, 0x09c00000)
 Metaspace       used 7548K, capacity 7729K, committed 7808K, reserved 8576K
Event: 7.075 GC heap after
Heap after GC invocations=4 (full 0):
 def new generation   total 4928K, used 502K [0x03c00000, 0x04150000, 0x09150000)
  eden space 4416K,   0% used [0x03c00000, 0x03c00000, 0x04050000)
  from space 512K,  98% used [0x04050000, 0x040cdbf0, 0x040d0000)
  to   space 512K,   0% used [0x040d0000, 0x040d0000, 0x04150000)
 tenured generation   total 10944K, used 8448K [0x09150000, 0x09c00000, 0x13c00000)
   the space 10944K,  77% used [0x09150000, 0x09990070, 0x09990200, 0x09c00000)
 Metaspace       used 7548K, capacity 7729K, committed 7808K, reserved 8576K
}
Event: 8.966 GC heap before
{Heap before GC invocations=4 (full 0):
 def new generation   total 4928K, used 4918K [0x03c00000, 0x04150000, 0x09150000)
  eden space 4416K, 100% used [0x03c00000, 0x04050000, 0x04050000)
  from space 512K,  98% used [0x04050000, 0x040cdbf0, 0x040d0000)
  to   space 512K,   0% used [0x040d0000, 0x040d0000, 0x04150000)
 tenured generation   total 10944K, used 8448K [0x09150000, 0x09c00000, 0x13c00000)
   the space 10944K,  77% used [0x09150000, 0x09990070, 0x09990200, 0x09c00000)
 Metaspace       used 7549K, capacity 7729K, committed 7808K, reserved 8576K
Event: 8.968 GC heap after
Heap after GC invocations=5 (full 0):
 def new generation   total 4928K, used 70K [0x03c00000, 0x04150000, 0x09150000)
  eden space 4416K,   0% used [0x03c00000, 0x03c00000, 0x04050000)
  from space 512K,  13% used [0x040d0000, 0x040e1938, 0x04150000)
  to   space 512K,   0% used [0x04050000, 0x04050000, 0x040d0000)
 tenured generation   total 10944K, used 8872K [0x09150000, 0x09c00000, 0x13c00000)
   the space 10944K,  81% used [0x09150000, 0x099fa300, 0x099fa400, 0x09c00000)
 Metaspace       used 7549K, capacity 7729K, committed 7808K, reserved 8576K
}
Event: 10.453 GC heap before
{Heap before GC invocations=5 (full 0):
 def new generation   total 4928K, used 4486K [0x03c00000, 0x04150000, 0x09150000)
  eden space 4416K, 100% used [0x03c00000, 0x04050000, 0x04050000)
  from space 512K,  13% used [0x040d0000, 0x040e1938, 0x04150000)
  to   space 512K,   0% used [0x04050000, 0x04050000, 0x040d0000)
 tenured generation   total 10944K, used 8872K [0x09150000, 0x09c00000, 0x13c00000)
   the space 10944K,  81% used [0x09150000, 0x099fa300, 0x099fa400, 0x09c00000)
 Metaspace       used 7549K, capacity 7729K, committed 7808K, reserved 8576K
Event: 10.454 GC heap after
Heap after GC invocations=6 (full 0):
 def new generation   total 4928K, used 129K [0x03c00000, 0x04150000, 0x09150000)
  eden space 4416K,   0% used [0x03c00000, 0x03c00000, 0x04050000)
  from space 512K,  25% used [0x04050000, 0x04070528, 0x040d0000)
  to   space 512K,   0% used [0x040d0000, 0x040d0000, 0x04150000)
 tenured generation   total 10944K, used 8872K [0x09150000, 0x09c00000, 0x13c00000)
   the space 10944K,  81% used [0x09150000, 0x099fa300, 0x099fa400, 0x09c00000)
 Metaspace       used 7549K, capacity 7729K, committed 7808K, reserved 8576K
}
Event: 24.451 GC heap before
{Heap before GC invocations=6 (full 0):
 def new generation   total 4928K, used 4545K [0x03c00000, 0x04150000, 0x09150000)
  eden space 4416K, 100% used [0x03c00000, 0x04050000, 0x04050000)
  from space 512K,  25% used [0x04050000, 0x04070528, 0x040d0000)
  to   space 512K,   0% used [0x040d0000, 0x040d0000, 0x04150000)
 tenured generation   total 10944K, used 8872K [0x09150000, 0x09c00000, 0x13c00000)
   the space 10944K,  81% used [0x09150000, 0x099fa300, 0x099fa400, 0x09c00000)
 Metaspace       used 7571K, capacity 7761K, committed 7808K, reserved 8576K
Event: 24.452 GC heap after
Heap after GC invocations=7 (full 0):
 def new generation   total 4928K, used 91K [0x03c00000, 0x04150000, 0x09150000)
  eden space 4416K,   0% used [0x03c00000, 0x03c00000, 0x04050000)
  from space 512K,  17% used [0x040d0000, 0x040e6e40, 0x04150000)
  to   space 512K,   0% used [0x04050000, 0x04050000, 0x040d0000)
 tenured generation   total 10944K, used 8872K [0x09150000, 0x09c00000, 0x13c00000)
   the space 10944K,  81% used [0x09150000, 0x099fa300, 0x099fa400, 0x09c00000)
 Metaspace       used 7571K, capacity 7761K, committed 7808K, reserved 8576K
}

Deoptimization events (0 events):
No events

Classes redefined (0 events):
No events

Internal exceptions (10 events):
Event: 0.368 Thread 0x0079c800 Exception <a 'java/lang/ClassNotFoundException': ToggleButton> (0x03f06160) thrown at [C:\workspace\8-2-build-windows-i586-cygwin\jdk8u181\11358\hotspot\src\share\vm\classfile\systemDictionary.cpp, line 210]
Event: 0.368 Thread 0x0079c800 Exception <a 'java/lang/ClassNotFoundException': javax/swing/JToolBarSeparator> (0x03f06568) thrown at [C:\workspace\8-2-build-windows-i586-cygwin\jdk8u181\11358\hotspot\src\share\vm\classfile\systemDictionary.cpp, line 210]
Event: 0.368 Thread 0x0079c800 Exception <a 'java/lang/ClassNotFoundException': ToolBarSeparator> (0x03f069c0) thrown at [C:\workspace\8-2-build-windows-i586-cygwin\jdk8u181\11358\hotspot\src\share\vm\classfile\systemDictionary.cpp, line 210]
Event: 0.369 Thread 0x0079c800 Exception <a 'java/lang/ClassNotFoundException': ToolTip> (0x03f07068) thrown at [C:\workspace\8-2-build-windows-i586-cygwin\jdk8u181\11358\hotspot\src\share\vm\classfile\systemDictionary.cpp, line 210]
Event: 0.371 Thread 0x0079c800 Exception <a 'java/lang/ClassNotFoundException': Tree> (0x03f07b50) thrown at [C:\workspace\8-2-build-windows-i586-cygwin\jdk8u181\11358\hotspot\src\share\vm\classfile\systemDictionary.cpp, line 210]
Event: 0.371 Thread 0x0079c800 Exception <a 'java/lang/ClassNotFoundException': Tree> (0x03f08210) thrown at [C:\workspace\8-2-build-windows-i586-cygwin\jdk8u181\11358\hotspot\src\share\vm\classfile\systemDictionary.cpp, line 210]
Event: 0.371 Thread 0x0079c800 Exception <a 'java/lang/ClassNotFoundException': javax/swing/JTreeCell> (0x03f08548) thrown at [C:\workspace\8-2-build-windows-i586-cygwin\jdk8u181\11358\hotspot\src\share\vm\classfile\systemDictionary.cpp, line 210]
Event: 0.371 Thread 0x0079c800 Exception <a 'java/lang/ClassNotFoundException': TreeCell> (0x03f08990) thrown at [C:\workspace\8-2-build-windows-i586-cygwin\jdk8u181\11358\hotspot\src\share\vm\classfile\systemDictionary.cpp, line 210]
Event: 0.371 Thread 0x0079c800 Exception <a 'java/lang/ClassNotFoundException': RootPane> (0x03f09308) thrown at [C:\workspace\8-2-build-windows-i586-cygwin\jdk8u181\11358\hotspot\src\share\vm\classfile\systemDictionary.cpp, line 210]
Event: 24.452 Thread 0x140a5400 Exception <a 'loquendo/tts/engine/TTSException': Invalid function or API parameter> (0x03c11fa8) thrown at [C:\workspace\8-2-build-windows-i586-cygwin\jdk8u181\11358\hotspot\src\share\vm\prims\jni.cpp, line 735]

Events (10 events):
Event: 15.047 loading class loquendo/tts/engine/TTSSession
Event: 15.047 loading class loquendo/tts/engine/TTSSession done
Event: 15.047 loading class java/lang/ClassLoaderHelper
Event: 15.048 loading class java/lang/ClassLoaderHelper done
Event: 15.058 loading class loquendo/tts/engine/TTSConfiguration
Event: 15.058 loading class loquendo/tts/engine/TTSConfiguration done
Event: 15.094 loading class loquendo/tts/engine/TTSReader
Event: 15.094 loading class loquendo/tts/engine/TTSReader done
Event: 24.450 Executing VM operation: GenCollectForAllocation
Event: 24.452 Executing VM operation: GenCollectForAllocation done


Dynamic libraries:
0x00ee0000 - 0x00f13000 	C:\Program Files\Java\jdk1.8.0_181\bin\java.exe
0x776b0000 - 0x777f2000 	C:\Windows\SYSTEM32\ntdll.dll
0x669c0000 - 0x669ef000 	C:\Program Files\AVAST Software\Avast\aswhookx.dll
0x76710000 - 0x767e5000 	C:\Windows\system32\kernel32.dll
0x75540000 - 0x7558b000 	C:\Windows\system32\KERNELBASE.dll
0x77310000 - 0x773b1000 	C:\Windows\system32\ADVAPI32.dll
0x76be0000 - 0x76c8c000 	C:\Windows\system32\msvcrt.dll
0x76f80000 - 0x76f99000 	C:\Windows\SYSTEM32\sechost.dll
0x76ed0000 - 0x76f72000 	C:\Windows\system32\RPCRT4.dll
0x77490000 - 0x77559000 	C:\Windows\system32\USER32.dll
0x77270000 - 0x772be000 	C:\Windows\system32\GDI32.dll
0x77860000 - 0x7786a000 	C:\Windows\system32\LPK.dll
0x76670000 - 0x7670d000 	C:\Windows\system32\USP10.dll
0x74370000 - 0x7450e000 	C:\Windows\WinSxS\x86_microsoft.windows.common-controls_6595b64144ccf1df_6.0.7601.18837_none_41e855142bd5705d\COMCTL32.dll
0x77800000 - 0x77857000 	C:\Windows\system32\SHLWAPI.dll
0x75a00000 - 0x75a1f000 	C:\Windows\system32\IMM32.DLL
0x77140000 - 0x7720d000 	C:\Windows\system32\MSCTF.dll
0x6e850000 - 0x6e90f000 	C:\Program Files\Java\jdk1.8.0_181\jre\bin\msvcr100.dll
0x662a0000 - 0x66673000 	C:\Program Files\Java\jdk1.8.0_181\jre\bin\client\jvm.dll
0x70fe0000 - 0x70fe7000 	C:\Windows\system32\WSOCK32.dll
0x75910000 - 0x75945000 	C:\Windows\system32\WS2_32.dll
0x77300000 - 0x77306000 	C:\Windows\system32\NSI.dll
0x71a80000 - 0x71ab2000 	C:\Windows\system32\WINMM.dll
0x74910000 - 0x74919000 	C:\Windows\system32\VERSION.dll
0x75950000 - 0x75955000 	C:\Windows\system32\PSAPI.DLL
0x73cb0000 - 0x73cbc000 	C:\Program Files\Java\jdk1.8.0_181\jre\bin\verify.dll
0x72610000 - 0x72632000 	C:\Program Files\Java\jdk1.8.0_181\jre\bin\java.dll
0x72300000 - 0x72314000 	C:\Program Files\Java\jdk1.8.0_181\jre\bin\zip.dll
0x75a20000 - 0x7666c000 	C:\Windows\system32\SHELL32.dll
0x757b0000 - 0x7590d000 	C:\Windows\system32\ole32.dll
0x75490000 - 0x7549b000 	C:\Windows\system32\profapi.dll
0x50a60000 - 0x50ba7000 	C:\Program Files\Java\jdk1.8.0_181\jre\bin\awt.dll
0x75960000 - 0x759f1000 	C:\Windows\system32\OLEAUT32.dll
0x741f0000 - 0x74230000 	C:\Windows\system32\uxtheme.dll
0x73df0000 - 0x73e03000 	C:\Windows\system32\dwmapi.dll
0x753a0000 - 0x753ac000 	C:\Windows\system32\CRYPTBASE.dll
0x6ec90000 - 0x6ecc9000 	C:\Program Files\Java\jdk1.8.0_181\jre\bin\fontmanager.dll
0x6e750000 - 0x6e818000 	C:\Windows\system32\opengl32.dll
0x6ed50000 - 0x6ed72000 	C:\Windows\system32\GLU32.dll
0x66f50000 - 0x67037000 	C:\Windows\system32\DDRAW.dll
0x73cc0000 - 0x73cc6000 	C:\Windows\system32\DCIMAN32.dll
0x76fa0000 - 0x7713d000 	C:\Windows\system32\SETUPAPI.dll
0x75630000 - 0x75657000 	C:\Windows\system32\CFGMGR32.dll
0x754b0000 - 0x754c2000 	C:\Windows\system32\DEVOBJ.dll
0x6ee20000 - 0x6ee35000 	C:\Program Files\Java\jdk1.8.0_181\jre\bin\net.dll
0x74de0000 - 0x74e1c000 	C:\Windows\system32\mswsock.dll
0x74f80000 - 0x74f86000 	C:\Windows\System32\wship6.dll
0x737d0000 - 0x737df000 	C:\Program Files\Java\jdk1.8.0_181\jre\bin\nio.dll
0x6e980000 - 0x6e9b2000 	C:\Program Files\Java\jdk1.8.0_181\jre\bin\t2k.dll
0x77870000 - 0x778f3000 	C:\Windows\system32\CLBCatQ.DLL
0x6ec60000 - 0x6ec86000 	C:\Program Files\Java\jdk1.8.0_181\jre\bin\jpeg.dll
0x00300000 - 0x0031f000 	C:\Users\abel\Documents\NetBeansProjects\Cartas\LTTS7jni.dll
0x143c0000 - 0x14403000 	C:\Users\abel\Documents\NetBeansProjects\Cartas\LTTS7Util.dll
0x155c0000 - 0x1569e000 	C:\Users\abel\Documents\NetBeansProjects\Cartas\LOQTTS7.dll
0x71f70000 - 0x71f8c000 	C:\Windows\system32\iphlpapi.dll
0x71f60000 - 0x71f67000 	C:\Windows\system32\WINNSI.DLL
0x73a20000 - 0x73a31000 	C:\Windows\system32\NETAPI32.dll
0x73a00000 - 0x73a09000 	C:\Windows\system32\netutils.dll
0x75140000 - 0x75159000 	C:\Windows\system32\srvcli.dll
0x739f0000 - 0x739ff000 	C:\Windows\system32\wkscli.dll
0x72750000 - 0x72758000 	C:\Windows\system32\netbios.dll
0x71cb0000 - 0x71cc2000 	C:\Windows\system32\dhcpcsvc.DLL
0x73e30000 - 0x73e69000 	C:\Windows\system32\MMDevAPI.DLL
0x74230000 - 0x74325000 	C:\Windows\system32\PROPSYS.dll
0x69b20000 - 0x69b28000 	C:\Windows\system32\serwvdrv.dll
0x681e0000 - 0x681e8000 	C:\Windows\system32\umdmxfrm.dll
0x681b0000 - 0x681e0000 	C:\Windows\system32\wdmaud.drv
0x681a0000 - 0x681a4000 	C:\Windows\system32\ksuser.dll
0x73e20000 - 0x73e27000 	C:\Windows\system32\AVRT.dll
0x73570000 - 0x735a6000 	C:\Windows\system32\AUDIOSES.DLL
0x68190000 - 0x68198000 	C:\Windows\system32\msacm32.drv
0x680d0000 - 0x680e4000 	C:\Windows\system32\MSACM32.dll
0x680c0000 - 0x680c7000 	C:\Windows\system32\midimap.dll
0x6c7a0000 - 0x6c88b000 	C:\Windows\system32\dbghelp.dll

VM Arguments:
jvm_args: -Dfile.encoding=UTF-8 
java_command: cartas.Cartas
java_class_path (initial): C:\Program Files\Loquendo\LTTS7\bin\LTTS7EngineManager.jar;C:\Program Files\Loquendo\LTTS7\bin\LTTS7JavaTTSUtil.jar;C:\Program Files\Loquendo\LTTS7\bin\LTTS7JavaUtil.jar;C:\Program Files\Loquendo\LTTS7\bin\Loqjapi.jar;C:\Program Files\Loquendo\LTTS7\bin\TTSDirector.jar;C:\Program Files\Loquendo\LTTS7\bin\TTSDirectorlookandfeel.jar;C:\Program Files\Loquendo\LTTS7\bin\TTSLexiconManager.jar;C:\Program Files\Loquendo\LTTS7\bin\TTSLexiconManagerlookandfeel.jar;C:\Program Files\Loquendo\LTTS7\bin\lookandfeel.jar;C:\Program Files\NetBeans 8.2\java\modules\ext\AbsoluteLayout.jar;C:\Users\abel\Documents\NetBeansProjects\Cartas\build\classes
Launcher Type: SUN_STANDARD

Environment Variables:
PATH=C:\Program Files\Common Files\Oracle\Java\javapath;C:\ProgramData\Oracle\Java\javapath;C:\Program Files\NVIDIA Corporation\PhysX\Common;C:\Windows\system32;C:\Windows;C:\Windows\System32\Wbem;C:\Windows\System32\WindowsPowerShell\v1.0\;C:\Program Files\nodejs\;C:\Users\abel\AppData\Roaming\npm
USERNAME=abel
OS=Windows_NT
PROCESSOR_IDENTIFIER=x86 Family 6 Model 15 Stepping 11, GenuineIntel



---------------  S Y S T E M  ---------------

OS: Windows 7 Build 7601 (6.1.7601.24168)

CPU:total 4 (initial active 4) (4 cores per cpu, 1 threads per core) family 6 model 15 stepping 11, cmov, cx8, fxsr, mmx, sse, sse2, sse3, ssse3, tsc

Memory: 4k page, physical 3397864k(1184016k free), swap 6794052k(3973592k free)

vm_info: Java HotSpot(TM) Client VM (25.181-b13) for windows-x86 JRE (1.8.0_181-b13), built on Jul  7 2018 03:18:20 by "java_re" with MS VC++ 10.0 (VS2010)

time: Sun Sep 02 11:23:32 2018
elapsed time: 24 seconds (0d 0h 0m 24s)

